09:31:41.543 [schedule-pool-2] INFO  sys-user - [run,108] - [127.0.0.1]内网IP[admin][Success][登录成功]
09:41:59.499 [restartedMain] INFO  sys-user - [shutdownAsyncManager,62] - ====关闭后台任务任务线程池====
09:41:59.502 [restartedMain] INFO  sys-user - [shutdownEhCacheManager,75] - ====关闭缓存====
09:43:16.937 [schedule-pool-2] INFO  sys-user - [run,108] - [127.0.0.1]内网IP[admin][Success][登录成功]
09:46:10.115 [Thread-27] INFO  sys-user - [shutdownSpringSessionValidationScheduler,45] - ====关闭会话验证任务====
09:46:10.116 [Thread-27] INFO  sys-user - [shutdownAsyncManager,62] - ====关闭后台任务任务线程池====
09:46:10.117 [Thread-27] INFO  sys-user - [shutdownEhCacheManager,75] - ====关闭缓存====
09:46:38.647 [Thread-42] INFO  sys-user - [shutdownAsyncManager,62] - ====关闭后台任务任务线程池====
09:46:38.650 [Thread-42] INFO  sys-user - [shutdownEhCacheManager,75] - ====关闭缓存====
09:47:31.594 [Thread-53] INFO  sys-user - [shutdownAsyncManager,62] - ====关闭后台任务任务线程池====
09:47:31.597 [Thread-53] INFO  sys-user - [shutdownEhCacheManager,75] - ====关闭缓存====
09:52:32.292 [Thread-64] INFO  sys-user - [shutdownSpringSessionValidationScheduler,45] - ====关闭会话验证任务====
09:52:32.297 [Thread-64] INFO  sys-user - [shutdownAsyncManager,62] - ====关闭后台任务任务线程池====
09:52:32.298 [Thread-64] INFO  sys-user - [shutdownEhCacheManager,75] - ====关闭缓存====
09:53:30.143 [Thread-75] INFO  sys-user - [shutdownAsyncManager,62] - ====关闭后台任务任务线程池====
09:53:30.148 [Thread-75] INFO  sys-user - [shutdownEhCacheManager,75] - ====关闭缓存====
09:54:05.343 [schedule-pool-1] INFO  sys-user - [run,108] - [127.0.0.1]内网IP[admin][Logout][退出成功]
09:56:51.861 [Thread-86] INFO  sys-user - [shutdownSpringSessionValidationScheduler,45] - ====关闭会话验证任务====
09:56:51.866 [Thread-86] INFO  sys-user - [shutdownAsyncManager,62] - ====关闭后台任务任务线程池====
09:56:51.866 [Thread-86] INFO  sys-user - [shutdownEhCacheManager,75] - ====关闭缓存====
09:57:46.939 [Thread-97] INFO  sys-user - [shutdownAsyncManager,62] - ====关闭后台任务任务线程池====
09:57:46.943 [Thread-97] INFO  sys-user - [shutdownEhCacheManager,75] - ====关闭缓存====
10:00:47.319 [Thread-108] INFO  sys-user - [shutdownAsyncManager,62] - ====关闭后台任务任务线程池====
10:00:47.329 [Thread-108] INFO  sys-user - [shutdownEhCacheManager,75] - ====关闭缓存====
10:01:09.888 [Thread-119] INFO  sys-user - [shutdownAsyncManager,62] - ====关闭后台任务任务线程池====
10:01:09.890 [Thread-119] INFO  sys-user - [shutdownEhCacheManager,75] - ====关闭缓存====
10:01:49.432 [Thread-130] INFO  sys-user - [shutdownAsyncManager,62] - ====关闭后台任务任务线程池====
10:01:49.446 [Thread-130] INFO  sys-user - [shutdownEhCacheManager,75] - ====关闭缓存====
10:02:05.258 [Thread-141] INFO  sys-user - [shutdownAsyncManager,62] - ====关闭后台任务任务线程池====
10:02:05.261 [Thread-141] INFO  sys-user - [shutdownEhCacheManager,75] - ====关闭缓存====
10:04:01.451 [Thread-152] INFO  sys-user - [shutdownSpringSessionValidationScheduler,45] - ====关闭会话验证任务====
10:04:01.470 [Thread-152] INFO  sys-user - [shutdownAsyncManager,62] - ====关闭后台任务任务线程池====
10:04:01.486 [Thread-152] INFO  sys-user - [shutdownEhCacheManager,75] - ====关闭缓存====
10:09:03.141 [Thread-163] INFO  sys-user - [shutdownAsyncManager,62] - ====关闭后台任务任务线程池====
10:09:03.158 [Thread-163] INFO  sys-user - [shutdownEhCacheManager,75] - ====关闭缓存====
10:14:32.197 [Thread-40] INFO  sys-user - [shutdownSpringSessionValidationScheduler,45] - ====关闭会话验证任务====
10:14:32.202 [Thread-40] INFO  sys-user - [shutdownAsyncManager,62] - ====关闭后台任务任务线程池====
10:14:32.204 [Thread-40] INFO  sys-user - [shutdownEhCacheManager,75] - ====关闭缓存====
10:22:14.912 [Thread-58] INFO  sys-user - [shutdownSpringSessionValidationScheduler,45] - ====关闭会话验证任务====
10:22:14.914 [Thread-58] INFO  sys-user - [shutdownAsyncManager,62] - ====关闭后台任务任务线程池====
10:22:14.916 [Thread-58] INFO  sys-user - [shutdownEhCacheManager,75] - ====关闭缓存====
10:23:22.598 [Thread-69] INFO  sys-user - [shutdownAsyncManager,62] - ====关闭后台任务任务线程池====
10:23:22.602 [Thread-69] INFO  sys-user - [shutdownEhCacheManager,75] - ====关闭缓存====
10:24:33.753 [Thread-80] INFO  sys-user - [shutdownSpringSessionValidationScheduler,45] - ====关闭会话验证任务====
10:24:33.755 [Thread-80] INFO  sys-user - [shutdownAsyncManager,62] - ====关闭后台任务任务线程池====
10:24:33.756 [Thread-80] INFO  sys-user - [shutdownEhCacheManager,75] - ====关闭缓存====
10:25:00.048 [Thread-91] INFO  sys-user - [shutdownAsyncManager,62] - ====关闭后台任务任务线程池====
10:25:00.051 [Thread-91] INFO  sys-user - [shutdownEhCacheManager,75] - ====关闭缓存====
10:25:28.795 [Thread-102] INFO  sys-user - [shutdownAsyncManager,62] - ====关闭后台任务任务线程池====
10:25:28.800 [Thread-102] INFO  sys-user - [shutdownEhCacheManager,75] - ====关闭缓存====
10:26:09.846 [Thread-113] INFO  sys-user - [shutdownAsyncManager,62] - ====关闭后台任务任务线程池====
10:26:09.851 [Thread-113] INFO  sys-user - [shutdownEhCacheManager,75] - ====关闭缓存====
10:27:43.880 [Thread-124] INFO  sys-user - [shutdownAsyncManager,62] - ====关闭后台任务任务线程池====
10:27:43.885 [Thread-124] INFO  sys-user - [shutdownEhCacheManager,75] - ====关闭缓存====
10:28:55.498 [Thread-143] INFO  sys-user - [shutdownAsyncManager,62] - ====关闭后台任务任务线程池====
10:28:55.503 [Thread-143] INFO  sys-user - [shutdownEhCacheManager,75] - ====关闭缓存====
10:29:22.591 [schedule-pool-1] INFO  sys-user - [run,108] - [127.0.0.1]内网IP[admin][Error][验证码错误]
10:29:27.491 [schedule-pool-1] INFO  sys-user - [run,108] - [127.0.0.1]内网IP[admin][Success][登录成功]
10:29:30.926 [schedule-pool-2] INFO  sys-user - [run,108] - [127.0.0.1]内网IP[admin][Logout][退出成功]
10:32:29.888 [Thread-28] INFO  sys-user - [shutdownSpringSessionValidationScheduler,45] - ====关闭会话验证任务====
10:32:29.892 [Thread-28] INFO  sys-user - [shutdownAsyncManager,62] - ====关闭后台任务任务线程池====
10:32:29.892 [Thread-28] INFO  sys-user - [shutdownEhCacheManager,75] - ====关闭缓存====
10:35:02.451 [Thread-43] INFO  sys-user - [shutdownAsyncManager,62] - ====关闭后台任务任务线程池====
10:35:02.556 [Thread-43] INFO  sys-user - [shutdownEhCacheManager,75] - ====关闭缓存====
10:36:37.730 [Thread-40] INFO  sys-user - [shutdownSpringSessionValidationScheduler,45] - ====关闭会话验证任务====
10:36:37.732 [Thread-40] INFO  sys-user - [shutdownAsyncManager,62] - ====关闭后台任务任务线程池====
10:36:37.733 [Thread-40] INFO  sys-user - [shutdownEhCacheManager,75] - ====关闭缓存====
10:36:58.725 [Thread-56] INFO  sys-user - [shutdownAsyncManager,62] - ====关闭后台任务任务线程池====
10:36:58.729 [Thread-56] INFO  sys-user - [shutdownEhCacheManager,75] - ====关闭缓存====
10:37:41.424 [Thread-67] INFO  sys-user - [shutdownSpringSessionValidationScheduler,45] - ====关闭会话验证任务====
10:37:41.425 [Thread-67] INFO  sys-user - [shutdownAsyncManager,62] - ====关闭后台任务任务线程池====
10:37:41.428 [Thread-67] INFO  sys-user - [shutdownEhCacheManager,75] - ====关闭缓存====
10:39:07.742 [Thread-78] INFO  sys-user - [shutdownSpringSessionValidationScheduler,45] - ====关闭会话验证任务====
10:39:07.744 [Thread-78] INFO  sys-user - [shutdownAsyncManager,62] - ====关闭后台任务任务线程池====
10:39:07.746 [Thread-78] INFO  sys-user - [shutdownEhCacheManager,75] - ====关闭缓存====
10:40:03.037 [Thread-89] INFO  sys-user - [shutdownSpringSessionValidationScheduler,45] - ====关闭会话验证任务====
10:40:03.041 [Thread-89] INFO  sys-user - [shutdownAsyncManager,62] - ====关闭后台任务任务线程池====
10:40:03.042 [Thread-89] INFO  sys-user - [shutdownEhCacheManager,75] - ====关闭缓存====
10:40:46.179 [Thread-100] INFO  sys-user - [shutdownSpringSessionValidationScheduler,45] - ====关闭会话验证任务====
10:40:46.182 [Thread-100] INFO  sys-user - [shutdownAsyncManager,62] - ====关闭后台任务任务线程池====
10:40:46.186 [Thread-100] INFO  sys-user - [shutdownEhCacheManager,75] - ====关闭缓存====
10:44:01.903 [Thread-111] INFO  sys-user - [shutdownSpringSessionValidationScheduler,45] - ====关闭会话验证任务====
10:44:01.907 [Thread-111] INFO  sys-user - [shutdownAsyncManager,62] - ====关闭后台任务任务线程池====
10:44:01.907 [Thread-111] INFO  sys-user - [shutdownEhCacheManager,75] - ====关闭缓存====
10:47:15.621 [Thread-122] INFO  sys-user - [shutdownSpringSessionValidationScheduler,45] - ====关闭会话验证任务====
10:47:15.625 [Thread-122] INFO  sys-user - [shutdownAsyncManager,62] - ====关闭后台任务任务线程池====
10:47:15.625 [Thread-122] INFO  sys-user - [shutdownEhCacheManager,75] - ====关闭缓存====
10:48:56.646 [Thread-133] INFO  sys-user - [shutdownSpringSessionValidationScheduler,45] - ====关闭会话验证任务====
10:48:56.649 [Thread-133] INFO  sys-user - [shutdownAsyncManager,62] - ====关闭后台任务任务线程池====
10:48:56.650 [Thread-133] INFO  sys-user - [shutdownEhCacheManager,75] - ====关闭缓存====
10:49:42.841 [Thread-144] INFO  sys-user - [shutdownAsyncManager,62] - ====关闭后台任务任务线程池====
10:49:42.848 [Thread-144] INFO  sys-user - [shutdownEhCacheManager,75] - ====关闭缓存====
10:50:53.156 [Thread-155] INFO  sys-user - [shutdownSpringSessionValidationScheduler,45] - ====关闭会话验证任务====
10:50:53.161 [Thread-155] INFO  sys-user - [shutdownAsyncManager,62] - ====关闭后台任务任务线程池====
10:50:53.161 [Thread-155] INFO  sys-user - [shutdownEhCacheManager,75] - ====关闭缓存====
10:52:55.380 [Thread-166] INFO  sys-user - [shutdownSpringSessionValidationScheduler,45] - ====关闭会话验证任务====
10:52:55.383 [Thread-166] INFO  sys-user - [shutdownAsyncManager,62] - ====关闭后台任务任务线程池====
10:52:55.383 [Thread-166] INFO  sys-user - [shutdownEhCacheManager,75] - ====关闭缓存====
10:56:00.878 [Thread-177] INFO  sys-user - [shutdownAsyncManager,62] - ====关闭后台任务任务线程池====
10:56:00.895 [Thread-177] INFO  sys-user - [shutdownEhCacheManager,75] - ====关闭缓存====
10:57:18.223 [Thread-188] INFO  sys-user - [shutdownSpringSessionValidationScheduler,45] - ====关闭会话验证任务====
10:57:18.227 [Thread-188] INFO  sys-user - [shutdownAsyncManager,62] - ====关闭后台任务任务线程池====
10:57:18.228 [Thread-188] INFO  sys-user - [shutdownEhCacheManager,75] - ====关闭缓存====
10:57:43.430 [Thread-199] INFO  sys-user - [shutdownAsyncManager,62] - ====关闭后台任务任务线程池====
10:57:43.514 [Thread-199] INFO  sys-user - [shutdownEhCacheManager,75] - ====关闭缓存====
10:58:14.668 [Thread-210] INFO  sys-user - [shutdownAsyncManager,62] - ====关闭后台任务任务线程池====
10:58:14.673 [Thread-210] INFO  sys-user - [shutdownEhCacheManager,75] - ====关闭缓存====
11:04:54.500 [schedule-pool-1] INFO  sys-user - [run,108] - [127.0.0.1]内网IP[admin][Error][验证码错误]
11:05:47.562 [schedule-pool-3] INFO  sys-user - [run,108] - [127.0.0.1]内网IP[ss][Success][登录成功]
11:06:42.771 [schedule-pool-5] INFO  sys-user - [run,108] - [127.0.0.1]内网IP[admin][Success][登录成功]
11:09:29.314 [Thread-43] INFO  sys-user - [shutdownSpringSessionValidationScheduler,45] - ====关闭会话验证任务====
11:09:29.322 [Thread-43] INFO  sys-user - [shutdownAsyncManager,62] - ====关闭后台任务任务线程池====
11:09:29.323 [Thread-43] INFO  sys-user - [shutdownEhCacheManager,75] - ====关闭缓存====
11:14:53.866 [Thread-59] INFO  sys-user - [shutdownSpringSessionValidationScheduler,45] - ====关闭会话验证任务====
11:14:53.870 [Thread-59] INFO  sys-user - [shutdownAsyncManager,62] - ====关闭后台任务任务线程池====
11:14:53.871 [Thread-59] INFO  sys-user - [shutdownEhCacheManager,75] - ====关闭缓存====
15:08:07.249 [schedule-pool-2] INFO  sys-user - [run,108] - [127.0.0.1]内网IP[admin][Success][登录成功]
15:08:43.026 [Thread-41] INFO  sys-user - [shutdownSpringSessionValidationScheduler,45] - ====关闭会话验证任务====
15:08:43.028 [Thread-41] INFO  sys-user - [shutdownAsyncManager,62] - ====关闭后台任务任务线程池====
15:08:43.029 [Thread-41] INFO  sys-user - [shutdownEhCacheManager,75] - ====关闭缓存====
15:09:36.454 [Thread-57] INFO  sys-user - [shutdownSpringSessionValidationScheduler,45] - ====关闭会话验证任务====
15:09:36.456 [Thread-57] INFO  sys-user - [shutdownAsyncManager,62] - ====关闭后台任务任务线程池====
15:09:36.457 [Thread-57] INFO  sys-user - [shutdownEhCacheManager,75] - ====关闭缓存====
15:11:52.821 [Thread-68] INFO  sys-user - [shutdownSpringSessionValidationScheduler,45] - ====关闭会话验证任务====
15:11:52.825 [Thread-68] INFO  sys-user - [shutdownAsyncManager,62] - ====关闭后台任务任务线程池====
15:11:52.826 [Thread-68] INFO  sys-user - [shutdownEhCacheManager,75] - ====关闭缓存====
15:13:10.064 [Thread-87] INFO  sys-user - [shutdownAsyncManager,62] - ====关闭后台任务任务线程池====
15:13:10.068 [Thread-87] INFO  sys-user - [shutdownEhCacheManager,75] - ====关闭缓存====
15:22:57.723 [Thread-39] INFO  sys-user - [shutdownSpringSessionValidationScheduler,45] - ====关闭会话验证任务====
15:22:57.726 [Thread-39] INFO  sys-user - [shutdownAsyncManager,62] - ====关闭后台任务任务线程池====
15:22:57.727 [Thread-39] INFO  sys-user - [shutdownEhCacheManager,75] - ====关闭缓存====
16:15:23.409 [Thread-54] INFO  sys-user - [shutdownAsyncManager,62] - ====关闭后台任务任务线程池====
16:15:23.421 [Thread-54] INFO  sys-user - [shutdownEhCacheManager,75] - ====关闭缓存====
16:19:11.775 [Thread-65] INFO  sys-user - [shutdownAsyncManager,62] - ====关闭后台任务任务线程池====
16:19:11.782 [Thread-65] INFO  sys-user - [shutdownEhCacheManager,75] - ====关闭缓存====
16:20:05.511 [schedule-pool-2] INFO  sys-user - [run,108] - [127.0.0.1]内网IP[admin][Success][登录成功]
16:22:43.243 [Thread-84] INFO  sys-user - [shutdownSpringSessionValidationScheduler,45] - ====关闭会话验证任务====
16:22:43.248 [Thread-84] INFO  sys-user - [shutdownAsyncManager,62] - ====关闭后台任务任务线程池====
16:22:43.248 [Thread-84] INFO  sys-user - [shutdownEhCacheManager,75] - ====关闭缓存====
16:25:07.803 [Thread-45] INFO  sys-user - [shutdownSpringSessionValidationScheduler,45] - ====关闭会话验证任务====
16:25:07.806 [Thread-45] INFO  sys-user - [shutdownAsyncManager,62] - ====关闭后台任务任务线程池====
16:25:07.808 [Thread-45] INFO  sys-user - [shutdownEhCacheManager,75] - ====关闭缓存====
16:36:37.672 [Thread-61] INFO  sys-user - [shutdownAsyncManager,62] - ====关闭后台任务任务线程池====
16:36:37.682 [Thread-61] INFO  sys-user - [shutdownEhCacheManager,75] - ====关闭缓存====
16:37:50.480 [Thread-72] INFO  sys-user - [shutdownAsyncManager,62] - ====关闭后台任务任务线程池====
16:37:50.485 [Thread-72] INFO  sys-user - [shutdownEhCacheManager,75] - ====关闭缓存====
16:38:20.167 [Thread-83] INFO  sys-user - [shutdownAsyncManager,62] - ====关闭后台任务任务线程池====
16:38:20.170 [Thread-83] INFO  sys-user - [shutdownEhCacheManager,75] - ====关闭缓存====
16:42:52.487 [Thread-94] INFO  sys-user - [shutdownAsyncManager,62] - ====关闭后台任务任务线程池====
16:42:52.502 [Thread-94] INFO  sys-user - [shutdownEhCacheManager,75] - ====关闭缓存====
16:57:14.358 [schedule-pool-2] INFO  sys-user - [run,108] - [127.0.0.1]内网IP[admin][Success][登录成功]
17:04:53.712 [Thread-40] INFO  sys-user - [shutdownSpringSessionValidationScheduler,45] - ====关闭会话验证任务====
17:04:53.716 [Thread-40] INFO  sys-user - [shutdownAsyncManager,62] - ====关闭后台任务任务线程池====
17:04:53.717 [Thread-40] INFO  sys-user - [shutdownEhCacheManager,75] - ====关闭缓存====
17:07:30.189 [Thread-56] INFO  sys-user - [shutdownAsyncManager,62] - ====关闭后台任务任务线程池====
17:07:30.210 [Thread-56] INFO  sys-user - [shutdownEhCacheManager,75] - ====关闭缓存====
17:09:34.713 [schedule-pool-1] INFO  sys-user - [run,108] - [127.0.0.1]内网IP[admin][Success][登录成功]
17:30:06.874 [schedule-pool-3] INFO  sys-user - [run,108] - [127.0.0.1]内网IP[admin][Success][登录成功]
17:33:36.083 [Thread-75] INFO  sys-user - [shutdownSpringSessionValidationScheduler,45] - ====关闭会话验证任务====
17:33:36.174 [Thread-75] INFO  sys-user - [shutdownAsyncManager,62] - ====关闭后台任务任务线程池====
17:33:36.174 [Thread-75] INFO  sys-user - [shutdownEhCacheManager,75] - ====关闭缓存====
