10:54:42.531 [schedule-pool-2] INFO  sys-user - [run,108] - [127.0.0.1]内网IP[admin][Success][登录成功]
10:58:11.586 [Thread-48] INFO  sys-user - [shutdownSpringSessionValidationScheduler,45] - ====关闭会话验证任务====
10:58:11.589 [Thread-48] INFO  sys-user - [shutdownAsyncManager,62] - ====关闭后台任务任务线程池====
10:58:11.589 [Thread-48] INFO  sys-user - [shutdownEhCacheManager,75] - ====关闭缓存====
10:58:54.021 [Thread-65] INFO  sys-user - [shutdownAsyncManager,62] - ====关闭后台任务任务线程池====
10:58:54.025 [Thread-65] INFO  sys-user - [shutdownEhCacheManager,75] - ====关闭缓存====
10:59:16.550 [Thread-76] INFO  sys-user - [shutdownAsyncManager,62] - ====关闭后台任务任务线程池====
10:59:16.553 [Thread-76] INFO  sys-user - [shutdownEhCacheManager,75] - ====关闭缓存====
11:01:39.435 [Thread-87] INFO  sys-user - [shutdownSpringSessionValidationScheduler,45] - ====关闭会话验证任务====
11:01:39.437 [Thread-87] INFO  sys-user - [shutdownAsyncManager,62] - ====关闭后台任务任务线程池====
11:01:39.438 [Thread-87] INFO  sys-user - [shutdownEhCacheManager,75] - ====关闭缓存====
11:03:38.057 [Thread-100] INFO  sys-user - [shutdownSpringSessionValidationScheduler,45] - ====关闭会话验证任务====
11:03:38.058 [Thread-100] INFO  sys-user - [shutdownAsyncManager,62] - ====关闭后台任务任务线程池====
11:03:38.058 [Thread-100] INFO  sys-user - [shutdownEhCacheManager,75] - ====关闭缓存====
11:04:40.823 [Thread-111] INFO  sys-user - [shutdownSpringSessionValidationScheduler,45] - ====关闭会话验证任务====
11:04:40.824 [Thread-111] INFO  sys-user - [shutdownAsyncManager,62] - ====关闭后台任务任务线程池====
11:04:40.824 [Thread-111] INFO  sys-user - [shutdownEhCacheManager,75] - ====关闭缓存====
11:08:17.673 [Thread-122] INFO  sys-user - [shutdownSpringSessionValidationScheduler,45] - ====关闭会话验证任务====
11:08:17.674 [Thread-122] INFO  sys-user - [shutdownAsyncManager,62] - ====关闭后台任务任务线程池====
11:08:17.675 [Thread-122] INFO  sys-user - [shutdownEhCacheManager,75] - ====关闭缓存====
11:09:12.969 [Thread-133] INFO  sys-user - [shutdownAsyncManager,62] - ====关闭后台任务任务线程池====
11:09:12.992 [Thread-133] INFO  sys-user - [shutdownEhCacheManager,75] - ====关闭缓存====
11:21:20.236 [Thread-144] INFO  sys-user - [shutdownSpringSessionValidationScheduler,45] - ====关闭会话验证任务====
11:21:20.239 [Thread-144] INFO  sys-user - [shutdownAsyncManager,62] - ====关闭后台任务任务线程池====
11:21:20.239 [Thread-144] INFO  sys-user - [shutdownEhCacheManager,75] - ====关闭缓存====
11:21:59.312 [Thread-161] INFO  sys-user - [shutdownAsyncManager,62] - ====关闭后台任务任务线程池====
11:21:59.316 [Thread-161] INFO  sys-user - [shutdownEhCacheManager,75] - ====关闭缓存====
11:25:40.146 [schedule-pool-3] INFO  sys-user - [run,108] - [192.168.1.152]内网IP[admin][Success][登录成功]
11:27:12.300 [Thread-172] INFO  sys-user - [shutdownSpringSessionValidationScheduler,45] - ====关闭会话验证任务====
11:27:12.305 [Thread-172] INFO  sys-user - [shutdownAsyncManager,62] - ====关闭后台任务任务线程池====
11:27:12.306 [Thread-172] INFO  sys-user - [shutdownEhCacheManager,75] - ====关闭缓存====
11:31:37.102 [Thread-183] INFO  sys-user - [shutdownSpringSessionValidationScheduler,45] - ====关闭会话验证任务====
11:31:37.104 [Thread-183] INFO  sys-user - [shutdownAsyncManager,62] - ====关闭后台任务任务线程池====
11:31:37.105 [Thread-183] INFO  sys-user - [shutdownEhCacheManager,75] - ====关闭缓存====
11:33:01.583 [schedule-pool-1] INFO  sys-user - [run,108] - [192.168.1.152]内网IP[admin][Success][登录成功]
11:34:01.115 [Thread-194] INFO  sys-user - [shutdownSpringSessionValidationScheduler,45] - ====关闭会话验证任务====
11:34:01.134 [Thread-194] INFO  sys-user - [shutdownAsyncManager,62] - ====关闭后台任务任务线程池====
11:34:01.134 [Thread-194] INFO  sys-user - [shutdownEhCacheManager,75] - ====关闭缓存====
11:38:32.324 [Thread-205] INFO  sys-user - [shutdownSpringSessionValidationScheduler,45] - ====关闭会话验证任务====
11:38:32.326 [Thread-205] INFO  sys-user - [shutdownAsyncManager,62] - ====关闭后台任务任务线程池====
11:38:32.327 [Thread-205] INFO  sys-user - [shutdownEhCacheManager,75] - ====关闭缓存====
11:42:38.019 [Thread-216] INFO  sys-user - [shutdownSpringSessionValidationScheduler,45] - ====关闭会话验证任务====
11:42:38.022 [Thread-216] INFO  sys-user - [shutdownAsyncManager,62] - ====关闭后台任务任务线程池====
11:42:38.023 [Thread-216] INFO  sys-user - [shutdownEhCacheManager,75] - ====关闭缓存====
11:44:44.997 [Thread-227] INFO  sys-user - [shutdownAsyncManager,62] - ====关闭后台任务任务线程池====
11:44:45.009 [Thread-227] INFO  sys-user - [shutdownEhCacheManager,75] - ====关闭缓存====
11:48:03.286 [schedule-pool-2] INFO  sys-user - [run,108] - [192.168.1.152]内网IP[admin][Success][登录成功]
11:49:11.539 [Thread-39] INFO  sys-user - [shutdownSpringSessionValidationScheduler,45] - ====关闭会话验证任务====
11:49:11.541 [Thread-39] INFO  sys-user - [shutdownAsyncManager,62] - ====关闭后台任务任务线程池====
11:49:11.542 [Thread-39] INFO  sys-user - [shutdownEhCacheManager,75] - ====关闭缓存====
11:52:46.177 [Thread-63] INFO  sys-user - [shutdownSpringSessionValidationScheduler,45] - ====关闭会话验证任务====
11:52:46.179 [Thread-63] INFO  sys-user - [shutdownAsyncManager,62] - ====关闭后台任务任务线程池====
11:52:46.180 [Thread-63] INFO  sys-user - [shutdownEhCacheManager,75] - ====关闭缓存====
11:59:17.239 [Thread-45] INFO  sys-user - [shutdownSpringSessionValidationScheduler,45] - ====关闭会话验证任务====
11:59:17.257 [Thread-45] INFO  sys-user - [shutdownAsyncManager,62] - ====关闭后台任务任务线程池====
11:59:17.259 [Thread-45] INFO  sys-user - [shutdownEhCacheManager,75] - ====关闭缓存====
12:01:04.276 [Thread-61] INFO  sys-user - [shutdownSpringSessionValidationScheduler,45] - ====关闭会话验证任务====
12:01:04.281 [Thread-61] INFO  sys-user - [shutdownAsyncManager,62] - ====关闭后台任务任务线程池====
12:01:04.281 [Thread-61] INFO  sys-user - [shutdownEhCacheManager,75] - ====关闭缓存====
12:02:16.646 [Thread-81] INFO  sys-user - [shutdownSpringSessionValidationScheduler,45] - ====关闭会话验证任务====
12:02:16.648 [Thread-81] INFO  sys-user - [shutdownAsyncManager,62] - ====关闭后台任务任务线程池====
12:02:16.649 [Thread-81] INFO  sys-user - [shutdownEhCacheManager,75] - ====关闭缓存====
12:04:13.321 [Thread-39] INFO  sys-user - [shutdownSpringSessionValidationScheduler,45] - ====关闭会话验证任务====
12:04:13.324 [Thread-39] INFO  sys-user - [shutdownAsyncManager,62] - ====关闭后台任务任务线程池====
12:04:13.324 [Thread-39] INFO  sys-user - [shutdownEhCacheManager,75] - ====关闭缓存====
12:05:43.654 [Thread-54] INFO  sys-user - [shutdownSpringSessionValidationScheduler,45] - ====关闭会话验证任务====
12:05:43.656 [Thread-54] INFO  sys-user - [shutdownAsyncManager,62] - ====关闭后台任务任务线程池====
12:05:43.656 [Thread-54] INFO  sys-user - [shutdownEhCacheManager,75] - ====关闭缓存====
12:10:24.504 [schedule-pool-3] INFO  sys-user - [run,108] - [192.168.1.152]内网IP[admin][Error][验证码错误]
12:10:28.142 [schedule-pool-2] INFO  sys-user - [run,108] - [192.168.1.152]内网IP[admin][Success][登录成功]
12:10:46.803 [Thread-73] INFO  sys-user - [shutdownSpringSessionValidationScheduler,45] - ====关闭会话验证任务====
12:10:46.806 [Thread-73] INFO  sys-user - [shutdownAsyncManager,62] - ====关闭后台任务任务线程池====
12:10:46.807 [Thread-73] INFO  sys-user - [shutdownEhCacheManager,75] - ====关闭缓存====
12:13:30.473 [schedule-pool-1] INFO  sys-user - [run,108] - [192.168.1.152]内网IP[admin][Logout][退出成功]
12:13:35.953 [schedule-pool-5] INFO  sys-user - [run,108] - [192.168.1.152]内网IP[admin][Success][登录成功]
12:14:39.042 [schedule-pool-3] INFO  sys-user - [run,108] - [127.0.0.1]内网IP[admin][Success][登录成功]
12:15:34.863 [schedule-pool-6] INFO  sys-user - [run,108] - [192.168.1.152]内网IP[admin][Logout][退出成功]
12:15:37.307 [schedule-pool-9] INFO  sys-user - [run,108] - [192.168.1.152]内网IP[admin][Success][登录成功]
12:16:11.223 [schedule-pool-4] INFO  sys-user - [run,108] - [127.0.0.1]内网IP[admin][Success][登录成功]
12:21:38.170 [Thread-40] INFO  sys-user - [shutdownSpringSessionValidationScheduler,45] - ====关闭会话验证任务====
12:21:38.175 [Thread-40] INFO  sys-user - [shutdownAsyncManager,62] - ====关闭后台任务任务线程池====
12:21:38.177 [Thread-40] INFO  sys-user - [shutdownEhCacheManager,75] - ====关闭缓存====
12:24:03.330 [schedule-pool-2] INFO  sys-user - [run,108] - [127.0.0.1]内网IP[admin][Success][登录成功]
12:25:21.404 [Thread-37] INFO  sys-user - [shutdownSpringSessionValidationScheduler,45] - ====关闭会话验证任务====
12:25:21.406 [Thread-37] INFO  sys-user - [shutdownAsyncManager,62] - ====关闭后台任务任务线程池====
12:25:21.407 [Thread-37] INFO  sys-user - [shutdownEhCacheManager,75] - ====关闭缓存====
12:31:53.807 [Thread-53] INFO  sys-user - [shutdownSpringSessionValidationScheduler,45] - ====关闭会话验证任务====
12:31:53.809 [Thread-53] INFO  sys-user - [shutdownAsyncManager,62] - ====关闭后台任务任务线程池====
12:31:53.810 [Thread-53] INFO  sys-user - [shutdownEhCacheManager,75] - ====关闭缓存====
12:33:08.003 [Thread-72] INFO  sys-user - [shutdownSpringSessionValidationScheduler,45] - ====关闭会话验证任务====
12:33:08.005 [Thread-72] INFO  sys-user - [shutdownAsyncManager,62] - ====关闭后台任务任务线程池====
12:33:08.005 [Thread-72] INFO  sys-user - [shutdownEhCacheManager,75] - ====关闭缓存====
13:04:40.853 [schedule-pool-2] INFO  sys-user - [run,108] - [127.0.0.1]内网IP[admin][Error][验证码错误]
13:04:45.440 [schedule-pool-3] INFO  sys-user - [run,108] - [127.0.0.1]内网IP[admin][Success][登录成功]
13:08:23.128 [Thread-46] INFO  sys-user - [shutdownSpringSessionValidationScheduler,45] - ====关闭会话验证任务====
13:08:23.135 [Thread-46] INFO  sys-user - [shutdownAsyncManager,62] - ====关闭后台任务任务线程池====
13:08:23.137 [Thread-46] INFO  sys-user - [shutdownEhCacheManager,75] - ====关闭缓存====
13:09:00.724 [Thread-72] INFO  sys-user - [shutdownSpringSessionValidationScheduler,45] - ====关闭会话验证任务====
13:09:00.726 [Thread-72] INFO  sys-user - [shutdownAsyncManager,62] - ====关闭后台任务任务线程池====
13:09:00.726 [Thread-72] INFO  sys-user - [shutdownEhCacheManager,75] - ====关闭缓存====
13:20:12.122 [Thread-48] INFO  sys-user - [shutdownSpringSessionValidationScheduler,45] - ====关闭会话验证任务====
13:20:12.126 [Thread-48] INFO  sys-user - [shutdownAsyncManager,62] - ====关闭后台任务任务线程池====
13:20:12.127 [Thread-48] INFO  sys-user - [shutdownEhCacheManager,75] - ====关闭缓存====
13:27:43.215 [Thread-65] INFO  sys-user - [shutdownSpringSessionValidationScheduler,45] - ====关闭会话验证任务====
13:27:43.219 [Thread-65] INFO  sys-user - [shutdownAsyncManager,62] - ====关闭后台任务任务线程池====
13:27:43.219 [Thread-65] INFO  sys-user - [shutdownEhCacheManager,75] - ====关闭缓存====
13:44:31.547 [schedule-pool-2] INFO  sys-user - [run,108] - [127.0.0.1]内网IP[admin][Success][登录成功]
13:46:28.592 [Thread-41] INFO  sys-user - [shutdownSpringSessionValidationScheduler,45] - ====关闭会话验证任务====
13:46:28.596 [Thread-41] INFO  sys-user - [shutdownAsyncManager,62] - ====关闭后台任务任务线程池====
13:46:28.597 [Thread-41] INFO  sys-user - [shutdownEhCacheManager,75] - ====关闭缓存====
13:48:55.409 [Thread-57] INFO  sys-user - [shutdownSpringSessionValidationScheduler,45] - ====关闭会话验证任务====
13:48:55.690 [Thread-57] INFO  sys-user - [shutdownAsyncManager,62] - ====关闭后台任务任务线程池====
13:48:55.690 [Thread-57] INFO  sys-user - [shutdownEhCacheManager,75] - ====关闭缓存====
13:50:23.064 [Thread-68] INFO  sys-user - [shutdownSpringSessionValidationScheduler,45] - ====关闭会话验证任务====
13:50:23.068 [Thread-68] INFO  sys-user - [shutdownAsyncManager,62] - ====关闭后台任务任务线程池====
13:50:23.068 [Thread-68] INFO  sys-user - [shutdownEhCacheManager,75] - ====关闭缓存====
13:55:01.258 [Thread-79] INFO  sys-user - [shutdownSpringSessionValidationScheduler,45] - ====关闭会话验证任务====
13:55:01.262 [Thread-79] INFO  sys-user - [shutdownAsyncManager,62] - ====关闭后台任务任务线程池====
13:55:01.263 [Thread-79] INFO  sys-user - [shutdownEhCacheManager,75] - ====关闭缓存====
13:57:37.882 [Thread-44] INFO  sys-user - [shutdownSpringSessionValidationScheduler,45] - ====关闭会话验证任务====
13:57:37.884 [Thread-44] INFO  sys-user - [shutdownAsyncManager,62] - ====关闭后台任务任务线程池====
13:57:37.884 [Thread-44] INFO  sys-user - [shutdownEhCacheManager,75] - ====关闭缓存====
13:59:42.990 [Thread-61] INFO  sys-user - [shutdownSpringSessionValidationScheduler,45] - ====关闭会话验证任务====
13:59:42.992 [Thread-61] INFO  sys-user - [shutdownAsyncManager,62] - ====关闭后台任务任务线程池====
13:59:42.993 [Thread-61] INFO  sys-user - [shutdownEhCacheManager,75] - ====关闭缓存====
14:00:16.044 [Thread-72] INFO  sys-user - [shutdownAsyncManager,62] - ====关闭后台任务任务线程池====
14:00:16.048 [Thread-72] INFO  sys-user - [shutdownEhCacheManager,75] - ====关闭缓存====
14:01:01.146 [Thread-83] INFO  sys-user - [shutdownAsyncManager,62] - ====关闭后台任务任务线程池====
14:01:01.153 [Thread-83] INFO  sys-user - [shutdownEhCacheManager,75] - ====关闭缓存====
14:02:12.758 [Thread-102] INFO  sys-user - [shutdownAsyncManager,62] - ====关闭后台任务任务线程池====
14:02:12.764 [Thread-102] INFO  sys-user - [shutdownEhCacheManager,75] - ====关闭缓存====
14:05:27.855 [Thread-41] INFO  sys-user - [shutdownSpringSessionValidationScheduler,45] - ====关闭会话验证任务====
14:05:27.859 [Thread-41] INFO  sys-user - [shutdownAsyncManager,62] - ====关闭后台任务任务线程池====
14:05:27.860 [Thread-41] INFO  sys-user - [shutdownEhCacheManager,75] - ====关闭缓存====
14:07:49.653 [Thread-56] INFO  sys-user - [shutdownSpringSessionValidationScheduler,45] - ====关闭会话验证任务====
14:07:49.657 [Thread-56] INFO  sys-user - [shutdownAsyncManager,62] - ====关闭后台任务任务线程池====
14:07:49.658 [Thread-56] INFO  sys-user - [shutdownEhCacheManager,75] - ====关闭缓存====
14:08:47.820 [Thread-67] INFO  sys-user - [shutdownSpringSessionValidationScheduler,45] - ====关闭会话验证任务====
14:08:47.833 [Thread-67] INFO  sys-user - [shutdownAsyncManager,62] - ====关闭后台任务任务线程池====
14:08:47.834 [Thread-67] INFO  sys-user - [shutdownEhCacheManager,75] - ====关闭缓存====
14:11:40.491 [schedule-pool-2] INFO  sys-user - [run,108] - [127.0.0.1]内网IP[admin][Logout][退出成功]
14:11:47.071 [schedule-pool-5] INFO  sys-user - [run,108] - [127.0.0.1]内网IP[ss][Success][登录成功]
14:11:55.283 [schedule-pool-1] INFO  sys-user - [run,108] - [127.0.0.1]内网IP[ss][Logout][退出成功]
14:11:58.588 [schedule-pool-7] INFO  sys-user - [run,108] - [127.0.0.1]内网IP[admin][Success][登录成功]
14:12:11.715 [schedule-pool-9] INFO  sys-user - [run,108] - [127.0.0.1]内网IP[admin][Logout][退出成功]
14:12:18.073 [schedule-pool-1] INFO  sys-user - [run,108] - [127.0.0.1]内网IP[ss][Success][登录成功]
14:15:06.016 [Thread-78] INFO  sys-user - [shutdownSpringSessionValidationScheduler,45] - ====关闭会话验证任务====
14:15:06.025 [Thread-78] INFO  sys-user - [shutdownAsyncManager,62] - ====关闭后台任务任务线程池====
14:15:06.026 [Thread-78] INFO  sys-user - [shutdownEhCacheManager,75] - ====关闭缓存====
14:15:59.379 [Thread-98] INFO  sys-user - [shutdownAsyncManager,62] - ====关闭后台任务任务线程池====
14:15:59.383 [Thread-98] INFO  sys-user - [shutdownEhCacheManager,75] - ====关闭缓存====
14:38:40.089 [Thread-61] INFO  sys-user - [shutdownSpringSessionValidationScheduler,45] - ====关闭会话验证任务====
14:38:40.095 [Thread-61] INFO  sys-user - [shutdownAsyncManager,62] - ====关闭后台任务任务线程池====
14:38:40.099 [Thread-61] INFO  sys-user - [shutdownEhCacheManager,75] - ====关闭缓存====
14:44:35.940 [Thread-41] INFO  sys-user - [shutdownSpringSessionValidationScheduler,45] - ====关闭会话验证任务====
14:44:35.943 [Thread-41] INFO  sys-user - [shutdownAsyncManager,62] - ====关闭后台任务任务线程池====
14:44:35.944 [Thread-41] INFO  sys-user - [shutdownEhCacheManager,75] - ====关闭缓存====
14:45:14.183 [Thread-57] INFO  sys-user - [shutdownAsyncManager,62] - ====关闭后台任务任务线程池====
14:45:14.188 [Thread-57] INFO  sys-user - [shutdownEhCacheManager,75] - ====关闭缓存====
14:46:31.748 [Thread-43] INFO  sys-user - [shutdownSpringSessionValidationScheduler,45] - ====关闭会话验证任务====
14:46:31.751 [Thread-43] INFO  sys-user - [shutdownAsyncManager,62] - ====关闭后台任务任务线程池====
14:46:31.751 [Thread-43] INFO  sys-user - [shutdownEhCacheManager,75] - ====关闭缓存====
14:47:37.573 [Thread-59] INFO  sys-user - [shutdownAsyncManager,62] - ====关闭后台任务任务线程池====
14:47:37.583 [Thread-59] INFO  sys-user - [shutdownEhCacheManager,75] - ====关闭缓存====
14:48:33.750 [schedule-pool-2] INFO  sys-user - [run,108] - [127.0.0.1]内网IP[admin][Success][登录成功]
14:49:10.388 [Thread-56] INFO  sys-user - [shutdownSpringSessionValidationScheduler,45] - ====关闭会话验证任务====
14:49:10.389 [Thread-56] INFO  sys-user - [shutdownAsyncManager,62] - ====关闭后台任务任务线程池====
14:49:10.390 [Thread-56] INFO  sys-user - [shutdownEhCacheManager,75] - ====关闭缓存====
14:50:31.416 [Thread-73] INFO  sys-user - [shutdownSpringSessionValidationScheduler,45] - ====关闭会话验证任务====
14:50:31.420 [Thread-73] INFO  sys-user - [shutdownAsyncManager,62] - ====关闭后台任务任务线程池====
14:50:31.420 [Thread-73] INFO  sys-user - [shutdownEhCacheManager,75] - ====关闭缓存====
14:52:41.805 [Thread-92] INFO  sys-user - [shutdownSpringSessionValidationScheduler,45] - ====关闭会话验证任务====
14:52:41.808 [Thread-92] INFO  sys-user - [shutdownAsyncManager,62] - ====关闭后台任务任务线程池====
14:52:41.808 [Thread-92] INFO  sys-user - [shutdownEhCacheManager,75] - ====关闭缓存====
15:00:28.011 [Thread-62] INFO  sys-user - [shutdownSpringSessionValidationScheduler,45] - ====关闭会话验证任务====
15:00:28.013 [Thread-62] INFO  sys-user - [shutdownAsyncManager,62] - ====关闭后台任务任务线程池====
15:00:28.014 [Thread-62] INFO  sys-user - [shutdownEhCacheManager,75] - ====关闭缓存====
15:04:32.824 [Thread-40] INFO  sys-user - [shutdownSpringSessionValidationScheduler,45] - ====关闭会话验证任务====
15:04:32.827 [Thread-40] INFO  sys-user - [shutdownAsyncManager,62] - ====关闭后台任务任务线程池====
15:04:32.827 [Thread-40] INFO  sys-user - [shutdownEhCacheManager,75] - ====关闭缓存====
15:05:20.365 [Thread-55] INFO  sys-user - [shutdownAsyncManager,62] - ====关闭后台任务任务线程池====
15:05:20.369 [Thread-55] INFO  sys-user - [shutdownEhCacheManager,75] - ====关闭缓存====
15:06:11.870 [Thread-66] INFO  sys-user - [shutdownSpringSessionValidationScheduler,45] - ====关闭会话验证任务====
15:06:11.960 [Thread-66] INFO  sys-user - [shutdownAsyncManager,62] - ====关闭后台任务任务线程池====
15:06:11.960 [Thread-66] INFO  sys-user - [shutdownEhCacheManager,75] - ====关闭缓存====
15:07:49.337 [Thread-77] INFO  sys-user - [shutdownSpringSessionValidationScheduler,45] - ====关闭会话验证任务====
15:07:49.340 [Thread-77] INFO  sys-user - [shutdownAsyncManager,62] - ====关闭后台任务任务线程池====
15:07:49.359 [Thread-77] INFO  sys-user - [shutdownEhCacheManager,75] - ====关闭缓存====
15:09:36.111 [Thread-88] INFO  sys-user - [shutdownAsyncManager,62] - ====关闭后台任务任务线程池====
15:09:36.118 [Thread-88] INFO  sys-user - [shutdownEhCacheManager,75] - ====关闭缓存====
15:10:22.495 [Thread-107] INFO  sys-user - [shutdownSpringSessionValidationScheduler,45] - ====关闭会话验证任务====
15:10:22.497 [Thread-107] INFO  sys-user - [shutdownAsyncManager,62] - ====关闭后台任务任务线程池====
15:10:22.498 [Thread-107] INFO  sys-user - [shutdownEhCacheManager,75] - ====关闭缓存====
15:12:10.798 [Thread-63] INFO  sys-user - [shutdownAsyncManager,62] - ====关闭后台任务任务线程池====
15:12:10.802 [Thread-63] INFO  sys-user - [shutdownEhCacheManager,75] - ====关闭缓存====
15:14:32.963 [Thread-57] INFO  sys-user - [shutdownSpringSessionValidationScheduler,45] - ====关闭会话验证任务====
15:14:32.966 [Thread-57] INFO  sys-user - [shutdownAsyncManager,62] - ====关闭后台任务任务线程池====
15:14:32.966 [Thread-57] INFO  sys-user - [shutdownEhCacheManager,75] - ====关闭缓存====
15:15:37.026 [Thread-73] INFO  sys-user - [shutdownSpringSessionValidationScheduler,45] - ====关闭会话验证任务====
15:15:37.027 [Thread-73] INFO  sys-user - [shutdownAsyncManager,62] - ====关闭后台任务任务线程池====
15:15:37.030 [Thread-73] INFO  sys-user - [shutdownEhCacheManager,75] - ====关闭缓存====
15:17:19.987 [Thread-92] INFO  sys-user - [shutdownSpringSessionValidationScheduler,45] - ====关闭会话验证任务====
15:17:19.990 [Thread-92] INFO  sys-user - [shutdownAsyncManager,62] - ====关闭后台任务任务线程池====
15:17:19.991 [Thread-92] INFO  sys-user - [shutdownEhCacheManager,75] - ====关闭缓存====
15:23:43.138 [Thread-48] INFO  sys-user - [shutdownSpringSessionValidationScheduler,45] - ====关闭会话验证任务====
15:23:43.148 [Thread-48] INFO  sys-user - [shutdownAsyncManager,62] - ====关闭后台任务任务线程池====
15:23:43.151 [Thread-48] INFO  sys-user - [shutdownEhCacheManager,75] - ====关闭缓存====
15:29:01.031 [Thread-60] INFO  sys-user - [shutdownAsyncManager,62] - ====关闭后台任务任务线程池====
15:29:01.337 [Thread-60] INFO  sys-user - [shutdownEhCacheManager,75] - ====关闭缓存====
15:29:56.496 [schedule-pool-2] INFO  sys-user - [run,108] - [127.0.0.1]内网IP[admin][Success][登录成功]
15:30:35.320 [Thread-82] INFO  sys-user - [shutdownSpringSessionValidationScheduler,45] - ====关闭会话验证任务====
15:30:35.325 [Thread-82] INFO  sys-user - [shutdownAsyncManager,62] - ====关闭后台任务任务线程池====
15:30:35.326 [Thread-82] INFO  sys-user - [shutdownEhCacheManager,75] - ====关闭缓存====
15:31:51.845 [Thread-94] INFO  sys-user - [shutdownSpringSessionValidationScheduler,45] - ====关闭会话验证任务====
15:31:51.848 [Thread-94] INFO  sys-user - [shutdownAsyncManager,62] - ====关闭后台任务任务线程池====
15:31:51.848 [Thread-94] INFO  sys-user - [shutdownEhCacheManager,75] - ====关闭缓存====
15:33:37.868 [Thread-105] INFO  sys-user - [shutdownSpringSessionValidationScheduler,45] - ====关闭会话验证任务====
15:33:37.871 [Thread-105] INFO  sys-user - [shutdownAsyncManager,62] - ====关闭后台任务任务线程池====
15:33:37.871 [Thread-105] INFO  sys-user - [shutdownEhCacheManager,75] - ====关闭缓存====
15:36:28.065 [Thread-116] INFO  sys-user - [shutdownSpringSessionValidationScheduler,45] - ====关闭会话验证任务====
15:36:28.068 [Thread-116] INFO  sys-user - [shutdownAsyncManager,62] - ====关闭后台任务任务线程池====
15:36:28.068 [Thread-116] INFO  sys-user - [shutdownEhCacheManager,75] - ====关闭缓存====
15:36:59.765 [Thread-127] INFO  sys-user - [shutdownAsyncManager,62] - ====关闭后台任务任务线程池====
15:36:59.769 [Thread-127] INFO  sys-user - [shutdownEhCacheManager,75] - ====关闭缓存====
15:40:04.183 [Thread-138] INFO  sys-user - [shutdownSpringSessionValidationScheduler,45] - ====关闭会话验证任务====
15:40:04.186 [Thread-138] INFO  sys-user - [shutdownAsyncManager,62] - ====关闭后台任务任务线程池====
15:40:04.186 [Thread-138] INFO  sys-user - [shutdownEhCacheManager,75] - ====关闭缓存====
15:41:03.383 [Thread-149] INFO  sys-user - [shutdownSpringSessionValidationScheduler,45] - ====关闭会话验证任务====
15:41:03.387 [Thread-149] INFO  sys-user - [shutdownAsyncManager,62] - ====关闭后台任务任务线程池====
15:41:03.387 [Thread-149] INFO  sys-user - [shutdownEhCacheManager,75] - ====关闭缓存====
15:41:24.895 [schedule-pool-1] INFO  sys-user - [run,108] - [127.0.0.1]内网IP[admin][Logout][退出成功]
15:41:29.621 [schedule-pool-1] INFO  sys-user - [run,108] - [127.0.0.1]内网IP[admin][Success][登录成功]
15:41:32.669 [schedule-pool-2] INFO  sys-user - [run,108] - [127.0.0.1]内网IP[admin][Logout][退出成功]
15:41:41.292 [schedule-pool-5] INFO  sys-user - [run,108] - [127.0.0.1]内网IP[ss][Success][登录成功]
15:42:03.186 [Thread-160] INFO  sys-user - [shutdownSpringSessionValidationScheduler,45] - ====关闭会话验证任务====
15:42:03.188 [Thread-160] INFO  sys-user - [shutdownAsyncManager,62] - ====关闭后台任务任务线程池====
15:42:03.189 [Thread-160] INFO  sys-user - [shutdownEhCacheManager,75] - ====关闭缓存====
15:43:10.090 [Thread-171] INFO  sys-user - [shutdownSpringSessionValidationScheduler,45] - ====关闭会话验证任务====
15:43:10.091 [Thread-171] INFO  sys-user - [shutdownAsyncManager,62] - ====关闭后台任务任务线程池====
15:43:10.092 [Thread-171] INFO  sys-user - [shutdownEhCacheManager,75] - ====关闭缓存====
15:47:29.384 [Thread-182] INFO  sys-user - [shutdownAsyncManager,62] - ====关闭后台任务任务线程池====
15:47:29.391 [Thread-182] INFO  sys-user - [shutdownEhCacheManager,75] - ====关闭缓存====
15:49:07.543 [Thread-193] INFO  sys-user - [shutdownSpringSessionValidationScheduler,45] - ====关闭会话验证任务====
15:49:07.546 [Thread-193] INFO  sys-user - [shutdownAsyncManager,62] - ====关闭后台任务任务线程池====
15:49:07.546 [Thread-193] INFO  sys-user - [shutdownEhCacheManager,75] - ====关闭缓存====
15:50:35.958 [Thread-204] INFO  sys-user - [shutdownAsyncManager,62] - ====关闭后台任务任务线程池====
15:50:35.968 [Thread-204] INFO  sys-user - [shutdownEhCacheManager,75] - ====关闭缓存====
15:52:27.945 [Thread-215] INFO  sys-user - [shutdownSpringSessionValidationScheduler,45] - ====关闭会话验证任务====
15:52:27.948 [Thread-215] INFO  sys-user - [shutdownAsyncManager,62] - ====关闭后台任务任务线程池====
15:52:27.948 [Thread-215] INFO  sys-user - [shutdownEhCacheManager,75] - ====关闭缓存====
15:53:43.108 [Thread-226] INFO  sys-user - [shutdownSpringSessionValidationScheduler,45] - ====关闭会话验证任务====
15:53:43.110 [Thread-226] INFO  sys-user - [shutdownAsyncManager,62] - ====关闭后台任务任务线程池====
15:53:43.110 [Thread-226] INFO  sys-user - [shutdownEhCacheManager,75] - ====关闭缓存====
15:56:55.333 [schedule-pool-1] INFO  sys-user - [run,108] - [127.0.0.1]内网IP[admin][Success][登录成功]
16:02:14.521 [Thread-237] INFO  sys-user - [shutdownSpringSessionValidationScheduler,45] - ====关闭会话验证任务====
16:02:14.527 [Thread-237] INFO  sys-user - [shutdownAsyncManager,62] - ====关闭后台任务任务线程池====
16:02:14.528 [Thread-237] INFO  sys-user - [shutdownEhCacheManager,75] - ====关闭缓存====
16:09:21.463 [Thread-248] INFO  sys-user - [shutdownSpringSessionValidationScheduler,45] - ====关闭会话验证任务====
16:09:21.466 [Thread-248] INFO  sys-user - [shutdownAsyncManager,62] - ====关闭后台任务任务线程池====
16:09:21.467 [Thread-248] INFO  sys-user - [shutdownEhCacheManager,75] - ====关闭缓存====
16:27:15.666 [Thread-267] INFO  sys-user - [shutdownAsyncManager,62] - ====关闭后台任务任务线程池====
16:27:15.679 [Thread-267] INFO  sys-user - [shutdownEhCacheManager,75] - ====关闭缓存====
