10:54:42.531 [schedule-pool-2] INFO  sys-user - [run,108] - [127.0.0.1]内网IP[admin][Success][登录成功]
10:58:11.586 [Thread-48] INFO  sys-user - [shutdownSpringSessionValidationScheduler,45] - ====关闭会话验证任务====
10:58:11.589 [Thread-48] INFO  sys-user - [shutdownAsyncManager,62] - ====关闭后台任务任务线程池====
10:58:11.589 [Thread-48] INFO  sys-user - [shutdownEhCacheManager,75] - ====关闭缓存====
10:58:54.021 [Thread-65] INFO  sys-user - [shutdownAsyncManager,62] - ====关闭后台任务任务线程池====
10:58:54.025 [Thread-65] INFO  sys-user - [shutdownEhCacheManager,75] - ====关闭缓存====
10:59:16.550 [Thread-76] INFO  sys-user - [shutdownAsyncManager,62] - ====关闭后台任务任务线程池====
10:59:16.553 [Thread-76] INFO  sys-user - [shutdownEhCacheManager,75] - ====关闭缓存====
11:01:39.435 [Thread-87] INFO  sys-user - [shutdownSpringSessionValidationScheduler,45] - ====关闭会话验证任务====
11:01:39.437 [Thread-87] INFO  sys-user - [shutdownAsyncManager,62] - ====关闭后台任务任务线程池====
11:01:39.438 [Thread-87] INFO  sys-user - [shutdownEhCacheManager,75] - ====关闭缓存====
11:03:38.057 [Thread-100] INFO  sys-user - [shutdownSpringSessionValidationScheduler,45] - ====关闭会话验证任务====
11:03:38.058 [Thread-100] INFO  sys-user - [shutdownAsyncManager,62] - ====关闭后台任务任务线程池====
11:03:38.058 [Thread-100] INFO  sys-user - [shutdownEhCacheManager,75] - ====关闭缓存====
11:04:40.823 [Thread-111] INFO  sys-user - [shutdownSpringSessionValidationScheduler,45] - ====关闭会话验证任务====
11:04:40.824 [Thread-111] INFO  sys-user - [shutdownAsyncManager,62] - ====关闭后台任务任务线程池====
11:04:40.824 [Thread-111] INFO  sys-user - [shutdownEhCacheManager,75] - ====关闭缓存====
11:08:17.673 [Thread-122] INFO  sys-user - [shutdownSpringSessionValidationScheduler,45] - ====关闭会话验证任务====
11:08:17.674 [Thread-122] INFO  sys-user - [shutdownAsyncManager,62] - ====关闭后台任务任务线程池====
11:08:17.675 [Thread-122] INFO  sys-user - [shutdownEhCacheManager,75] - ====关闭缓存====
11:09:12.969 [Thread-133] INFO  sys-user - [shutdownAsyncManager,62] - ====关闭后台任务任务线程池====
11:09:12.992 [Thread-133] INFO  sys-user - [shutdownEhCacheManager,75] - ====关闭缓存====
11:21:20.236 [Thread-144] INFO  sys-user - [shutdownSpringSessionValidationScheduler,45] - ====关闭会话验证任务====
11:21:20.239 [Thread-144] INFO  sys-user - [shutdownAsyncManager,62] - ====关闭后台任务任务线程池====
11:21:20.239 [Thread-144] INFO  sys-user - [shutdownEhCacheManager,75] - ====关闭缓存====
11:21:59.312 [Thread-161] INFO  sys-user - [shutdownAsyncManager,62] - ====关闭后台任务任务线程池====
11:21:59.316 [Thread-161] INFO  sys-user - [shutdownEhCacheManager,75] - ====关闭缓存====
11:25:40.146 [schedule-pool-3] INFO  sys-user - [run,108] - [192.168.1.152]内网IP[admin][Success][登录成功]
11:27:12.300 [Thread-172] INFO  sys-user - [shutdownSpringSessionValidationScheduler,45] - ====关闭会话验证任务====
11:27:12.305 [Thread-172] INFO  sys-user - [shutdownAsyncManager,62] - ====关闭后台任务任务线程池====
11:27:12.306 [Thread-172] INFO  sys-user - [shutdownEhCacheManager,75] - ====关闭缓存====
11:31:37.102 [Thread-183] INFO  sys-user - [shutdownSpringSessionValidationScheduler,45] - ====关闭会话验证任务====
11:31:37.104 [Thread-183] INFO  sys-user - [shutdownAsyncManager,62] - ====关闭后台任务任务线程池====
11:31:37.105 [Thread-183] INFO  sys-user - [shutdownEhCacheManager,75] - ====关闭缓存====
11:33:01.583 [schedule-pool-1] INFO  sys-user - [run,108] - [192.168.1.152]内网IP[admin][Success][登录成功]
11:34:01.115 [Thread-194] INFO  sys-user - [shutdownSpringSessionValidationScheduler,45] - ====关闭会话验证任务====
11:34:01.134 [Thread-194] INFO  sys-user - [shutdownAsyncManager,62] - ====关闭后台任务任务线程池====
11:34:01.134 [Thread-194] INFO  sys-user - [shutdownEhCacheManager,75] - ====关闭缓存====
11:38:32.324 [Thread-205] INFO  sys-user - [shutdownSpringSessionValidationScheduler,45] - ====关闭会话验证任务====
11:38:32.326 [Thread-205] INFO  sys-user - [shutdownAsyncManager,62] - ====关闭后台任务任务线程池====
11:38:32.327 [Thread-205] INFO  sys-user - [shutdownEhCacheManager,75] - ====关闭缓存====
11:42:38.019 [Thread-216] INFO  sys-user - [shutdownSpringSessionValidationScheduler,45] - ====关闭会话验证任务====
11:42:38.022 [Thread-216] INFO  sys-user - [shutdownAsyncManager,62] - ====关闭后台任务任务线程池====
11:42:38.023 [Thread-216] INFO  sys-user - [shutdownEhCacheManager,75] - ====关闭缓存====
11:44:44.997 [Thread-227] INFO  sys-user - [shutdownAsyncManager,62] - ====关闭后台任务任务线程池====
11:44:45.009 [Thread-227] INFO  sys-user - [shutdownEhCacheManager,75] - ====关闭缓存====
11:48:03.286 [schedule-pool-2] INFO  sys-user - [run,108] - [192.168.1.152]内网IP[admin][Success][登录成功]
11:49:11.539 [Thread-39] INFO  sys-user - [shutdownSpringSessionValidationScheduler,45] - ====关闭会话验证任务====
11:49:11.541 [Thread-39] INFO  sys-user - [shutdownAsyncManager,62] - ====关闭后台任务任务线程池====
11:49:11.542 [Thread-39] INFO  sys-user - [shutdownEhCacheManager,75] - ====关闭缓存====
11:52:46.177 [Thread-63] INFO  sys-user - [shutdownSpringSessionValidationScheduler,45] - ====关闭会话验证任务====
11:52:46.179 [Thread-63] INFO  sys-user - [shutdownAsyncManager,62] - ====关闭后台任务任务线程池====
11:52:46.180 [Thread-63] INFO  sys-user - [shutdownEhCacheManager,75] - ====关闭缓存====
11:59:17.239 [Thread-45] INFO  sys-user - [shutdownSpringSessionValidationScheduler,45] - ====关闭会话验证任务====
11:59:17.257 [Thread-45] INFO  sys-user - [shutdownAsyncManager,62] - ====关闭后台任务任务线程池====
11:59:17.259 [Thread-45] INFO  sys-user - [shutdownEhCacheManager,75] - ====关闭缓存====
12:01:04.276 [Thread-61] INFO  sys-user - [shutdownSpringSessionValidationScheduler,45] - ====关闭会话验证任务====
12:01:04.281 [Thread-61] INFO  sys-user - [shutdownAsyncManager,62] - ====关闭后台任务任务线程池====
12:01:04.281 [Thread-61] INFO  sys-user - [shutdownEhCacheManager,75] - ====关闭缓存====
12:02:16.646 [Thread-81] INFO  sys-user - [shutdownSpringSessionValidationScheduler,45] - ====关闭会话验证任务====
12:02:16.648 [Thread-81] INFO  sys-user - [shutdownAsyncManager,62] - ====关闭后台任务任务线程池====
12:02:16.649 [Thread-81] INFO  sys-user - [shutdownEhCacheManager,75] - ====关闭缓存====
12:04:13.321 [Thread-39] INFO  sys-user - [shutdownSpringSessionValidationScheduler,45] - ====关闭会话验证任务====
12:04:13.324 [Thread-39] INFO  sys-user - [shutdownAsyncManager,62] - ====关闭后台任务任务线程池====
12:04:13.324 [Thread-39] INFO  sys-user - [shutdownEhCacheManager,75] - ====关闭缓存====
12:05:43.654 [Thread-54] INFO  sys-user - [shutdownSpringSessionValidationScheduler,45] - ====关闭会话验证任务====
12:05:43.656 [Thread-54] INFO  sys-user - [shutdownAsyncManager,62] - ====关闭后台任务任务线程池====
12:05:43.656 [Thread-54] INFO  sys-user - [shutdownEhCacheManager,75] - ====关闭缓存====
12:10:24.504 [schedule-pool-3] INFO  sys-user - [run,108] - [192.168.1.152]内网IP[admin][Error][验证码错误]
12:10:28.142 [schedule-pool-2] INFO  sys-user - [run,108] - [192.168.1.152]内网IP[admin][Success][登录成功]
12:10:46.803 [Thread-73] INFO  sys-user - [shutdownSpringSessionValidationScheduler,45] - ====关闭会话验证任务====
12:10:46.806 [Thread-73] INFO  sys-user - [shutdownAsyncManager,62] - ====关闭后台任务任务线程池====
12:10:46.807 [Thread-73] INFO  sys-user - [shutdownEhCacheManager,75] - ====关闭缓存====
12:13:30.473 [schedule-pool-1] INFO  sys-user - [run,108] - [192.168.1.152]内网IP[admin][Logout][退出成功]
12:13:35.953 [schedule-pool-5] INFO  sys-user - [run,108] - [192.168.1.152]内网IP[admin][Success][登录成功]
12:14:39.042 [schedule-pool-3] INFO  sys-user - [run,108] - [127.0.0.1]内网IP[admin][Success][登录成功]
12:15:34.863 [schedule-pool-6] INFO  sys-user - [run,108] - [192.168.1.152]内网IP[admin][Logout][退出成功]
12:15:37.307 [schedule-pool-9] INFO  sys-user - [run,108] - [192.168.1.152]内网IP[admin][Success][登录成功]
12:16:11.223 [schedule-pool-4] INFO  sys-user - [run,108] - [127.0.0.1]内网IP[admin][Success][登录成功]
12:21:38.170 [Thread-40] INFO  sys-user - [shutdownSpringSessionValidationScheduler,45] - ====关闭会话验证任务====
12:21:38.175 [Thread-40] INFO  sys-user - [shutdownAsyncManager,62] - ====关闭后台任务任务线程池====
12:21:38.177 [Thread-40] INFO  sys-user - [shutdownEhCacheManager,75] - ====关闭缓存====
12:24:03.330 [schedule-pool-2] INFO  sys-user - [run,108] - [127.0.0.1]内网IP[admin][Success][登录成功]
12:25:21.404 [Thread-37] INFO  sys-user - [shutdownSpringSessionValidationScheduler,45] - ====关闭会话验证任务====
12:25:21.406 [Thread-37] INFO  sys-user - [shutdownAsyncManager,62] - ====关闭后台任务任务线程池====
12:25:21.407 [Thread-37] INFO  sys-user - [shutdownEhCacheManager,75] - ====关闭缓存====
12:31:53.807 [Thread-53] INFO  sys-user - [shutdownSpringSessionValidationScheduler,45] - ====关闭会话验证任务====
12:31:53.809 [Thread-53] INFO  sys-user - [shutdownAsyncManager,62] - ====关闭后台任务任务线程池====
12:31:53.810 [Thread-53] INFO  sys-user - [shutdownEhCacheManager,75] - ====关闭缓存====
12:33:08.003 [Thread-72] INFO  sys-user - [shutdownSpringSessionValidationScheduler,45] - ====关闭会话验证任务====
12:33:08.005 [Thread-72] INFO  sys-user - [shutdownAsyncManager,62] - ====关闭后台任务任务线程池====
12:33:08.005 [Thread-72] INFO  sys-user - [shutdownEhCacheManager,75] - ====关闭缓存====
